<?xml version="1.0" encoding="UTF-8"?>
<!-- Generated by org.testng.reporters.JUnitReportReporter -->
<testsuite hostname="Srinath" name="com.mln.login.ValidCredentials" tests="1" failures="0" timestamp="28 Jun 2022 16:18:23 GMT" time="7.402" errors="0">
  <testcase name="login_with_valid_Credentials" time="7.402" classname="com.mln.login.ValidCredentials"/>
</testsuite> <!-- com.mln.login.ValidCredentials -->
