<?xml version="1.0" encoding="UTF-8"?>
<!-- Generated by org.testng.reporters.JUnitReportReporter -->
<testsuite hostname="Srinath" name="com.mln.login.InvalidCredentials_Password" tests="1" failures="0" timestamp="28 Jun 2022 16:18:23 GMT" time="10.790" errors="0">
  <testcase name="login_with_invalid_password" time="10.790" classname="com.mln.login.InvalidCredentials_Password"/>
</testsuite> <!-- com.mln.login.InvalidCredentials_Password -->
