<?xml version="1.0" encoding="UTF-8"?>
<!-- Generated by org.testng.reporters.JUnitReportReporter -->
<testsuite hostname="Srinath" name="com.mln.login.InvalidCredentials" tests="1" failures="0" timestamp="28 Jun 2022 16:18:23 GMT" time="4.072" errors="0">
  <testcase name="login_with_invalid_Credentials" time="4.072" classname="com.mln.login.InvalidCredentials"/>
</testsuite> <!-- com.mln.login.InvalidCredentials -->
