<?xml version="1.0" encoding="UTF-8"?>
<!-- Generated by org.testng.reporters.JUnitReportReporter -->
<testsuite hostname="Srinath" name="com.mln.login.InvalidCredentials_UserName" tests="1" failures="0" timestamp="28 Jun 2022 16:18:23 GMT" time="15.691" errors="0">
  <testcase name="login_with_invalid_username" time="15.691" classname="com.mln.login.InvalidCredentials_UserName"/>
</testsuite> <!-- com.mln.login.InvalidCredentials_UserName -->
